Debug|Reading config...
Debug|Reading referenced images from 'D:\Software\_WRITTEN BY ME\Mi Band 4 Watch Face\bPixel_v01\bpixel_01'
Trace|Loading resources for 2 'Background'
Trace|Loading resources for 2.1 'ImageBasic'
Trace|Loading image 0...
Trace|Image was loaded from file D:\Software\_WRITTEN BY ME\Mi Band 4 Watch Face\bPixel_v01\bpixel_01\0000.png
Trace|Loading resources for 3 'Time'
Trace|Loading resources for 3.1 'TwoDigits'
Trace|Loading resources for 3.1.1 'ImageSet'
Trace|Loading image 1...
Trace|Image was loaded from file D:\Software\_WRITTEN BY ME\Mi Band 4 Watch Face\bPixel_v01\bpixel_01\0001.png
Trace|Loading image 2...
Trace|Image was loaded from file D:\Software\_WRITTEN BY ME\Mi Band 4 Watch Face\bPixel_v01\bpixel_01\0002.png
Trace|Loading image 3...
Trace|Image was loaded from file D:\Software\_WRITTEN BY ME\Mi Band 4 Watch Face\bPixel_v01\bpixel_01\0003.png
Trace|Loading resources for 3.1.2 'ImageSet'
Trace|Loading image 4...
Trace|Image was loaded from file D:\Software\_WRITTEN BY ME\Mi Band 4 Watch Face\bPixel_v01\bpixel_01\0004.png
Trace|Loading image 5...
Trace|Image was loaded from file D:\Software\_WRITTEN BY ME\Mi Band 4 Watch Face\bPixel_v01\bpixel_01\0005.png
Trace|Loading image 6...
Trace|Image was loaded from file D:\Software\_WRITTEN BY ME\Mi Band 4 Watch Face\bPixel_v01\bpixel_01\0006.png
Trace|Loading image 7...
Trace|Image was loaded from file D:\Software\_WRITTEN BY ME\Mi Band 4 Watch Face\bPixel_v01\bpixel_01\0007.png
Trace|Loading image 8...
Trace|Image was loaded from file D:\Software\_WRITTEN BY ME\Mi Band 4 Watch Face\bPixel_v01\bpixel_01\0008.png
Trace|Loading image 9...
Trace|Image was loaded from file D:\Software\_WRITTEN BY ME\Mi Band 4 Watch Face\bPixel_v01\bpixel_01\0009.png
Trace|Loading image 10...
Trace|Image was loaded from file D:\Software\_WRITTEN BY ME\Mi Band 4 Watch Face\bPixel_v01\bpixel_01\0010.png
Trace|Loading resources for 3.2 'TwoDigits'
Trace|Loading resources for 3.2.1 'ImageSet'
Trace|Loading resources for 3.2.2 'ImageSet'
Trace|Loading resources for 4 'Activity'
Trace|Loading resources for 4.5 'FormattedNumber'
Trace|Loading resources for 4.5.1 'Number'
Trace|Loading resources for 4.5.1.5 'TextAlignment'
Trace|Loading image 11...
Trace|Image was loaded from file D:\Software\_WRITTEN BY ME\Mi Band 4 Watch Face\bPixel_v01\bpixel_01\0011.png
Trace|Loading image 12...
Trace|Image was loaded from file D:\Software\_WRITTEN BY ME\Mi Band 4 Watch Face\bPixel_v01\bpixel_01\0012.png
Trace|Loading image 13...
Trace|Image was loaded from file D:\Software\_WRITTEN BY ME\Mi Band 4 Watch Face\bPixel_v01\bpixel_01\0013.png
Trace|Loading image 14...
Trace|Image was loaded from file D:\Software\_WRITTEN BY ME\Mi Band 4 Watch Face\bPixel_v01\bpixel_01\0014.png
Trace|Loading image 15...
Trace|Image was loaded from file D:\Software\_WRITTEN BY ME\Mi Band 4 Watch Face\bPixel_v01\bpixel_01\0015.png
Trace|Loading image 16...
Trace|Image was loaded from file D:\Software\_WRITTEN BY ME\Mi Band 4 Watch Face\bPixel_v01\bpixel_01\0016.png
Trace|Loading image 17...
Trace|Image was loaded from file D:\Software\_WRITTEN BY ME\Mi Band 4 Watch Face\bPixel_v01\bpixel_01\0017.png
Trace|Loading image 18...
Trace|Image was loaded from file D:\Software\_WRITTEN BY ME\Mi Band 4 Watch Face\bPixel_v01\bpixel_01\0018.png
Trace|Loading image 19...
Trace|Image was loaded from file D:\Software\_WRITTEN BY ME\Mi Band 4 Watch Face\bPixel_v01\bpixel_01\0019.png
Trace|Loading image 20...
Trace|Image was loaded from file D:\Software\_WRITTEN BY ME\Mi Band 4 Watch Face\bPixel_v01\bpixel_01\0020.png
Trace|Loading image 99...
Trace|Image was loaded from file D:\Software\_WRITTEN BY ME\Mi Band 4 Watch Face\bPixel_v01\bpixel_01\0099.png
Trace|Loading image 98...
Trace|Image was loaded from file D:\Software\_WRITTEN BY ME\Mi Band 4 Watch Face\bPixel_v01\bpixel_01\0098.png
Trace|Loading resources for 5 'Date'
Trace|Loading resources for 5.1 'MonthAndDay'
Trace|Loading resources for 5.1.1 'SeparateMonthAndDay'
Trace|Loading resources for 5.1.1.3 'Number'
Trace|Loading resources for 5.1.1.3.5 'TextAlignment'
Trace|Loading image 21...
Trace|Image was loaded from file D:\Software\_WRITTEN BY ME\Mi Band 4 Watch Face\bPixel_v01\bpixel_01\0021.png
Trace|Loading image 22...
Trace|Image was loaded from file D:\Software\_WRITTEN BY ME\Mi Band 4 Watch Face\bPixel_v01\bpixel_01\0022.png
Trace|Loading image 23...
Trace|Image was loaded from file D:\Software\_WRITTEN BY ME\Mi Band 4 Watch Face\bPixel_v01\bpixel_01\0023.png
Trace|Loading image 24...
Trace|Image was loaded from file D:\Software\_WRITTEN BY ME\Mi Band 4 Watch Face\bPixel_v01\bpixel_01\0024.png
Trace|Loading image 25...
Trace|Image was loaded from file D:\Software\_WRITTEN BY ME\Mi Band 4 Watch Face\bPixel_v01\bpixel_01\0025.png
Trace|Loading image 26...
Trace|Image was loaded from file D:\Software\_WRITTEN BY ME\Mi Band 4 Watch Face\bPixel_v01\bpixel_01\0026.png
Trace|Loading image 27...
Trace|Image was loaded from file D:\Software\_WRITTEN BY ME\Mi Band 4 Watch Face\bPixel_v01\bpixel_01\0027.png
Trace|Loading image 28...
Trace|Image was loaded from file D:\Software\_WRITTEN BY ME\Mi Band 4 Watch Face\bPixel_v01\bpixel_01\0028.png
Trace|Loading image 29...
Trace|Image was loaded from file D:\Software\_WRITTEN BY ME\Mi Band 4 Watch Face\bPixel_v01\bpixel_01\0029.png
Trace|Loading image 30...
Trace|Image was loaded from file D:\Software\_WRITTEN BY ME\Mi Band 4 Watch Face\bPixel_v01\bpixel_01\0030.png
Trace|Loading resources for 5.1.3 'Boolean'
Trace|Loading resources for 5.1.4 'Boolean'
Trace|Loading resources for 5.2 'ImageSet'
Trace|Loading image 31...
Trace|Image was loaded from file D:\Software\_WRITTEN BY ME\Mi Band 4 Watch Face\bPixel_v01\bpixel_01\0031.png
Trace|Loading image 32...
Trace|Image was loaded from file D:\Software\_WRITTEN BY ME\Mi Band 4 Watch Face\bPixel_v01\bpixel_01\0032.png
Trace|Loading image 33...
Trace|Image was loaded from file D:\Software\_WRITTEN BY ME\Mi Band 4 Watch Face\bPixel_v01\bpixel_01\0033.png
Trace|Loading image 34...
Trace|Image was loaded from file D:\Software\_WRITTEN BY ME\Mi Band 4 Watch Face\bPixel_v01\bpixel_01\0034.png
Trace|Loading image 35...
Trace|Image was loaded from file D:\Software\_WRITTEN BY ME\Mi Band 4 Watch Face\bPixel_v01\bpixel_01\0035.png
Trace|Loading image 36...
Trace|Image was loaded from file D:\Software\_WRITTEN BY ME\Mi Band 4 Watch Face\bPixel_v01\bpixel_01\0036.png
Trace|Loading image 37...
Trace|Image was loaded from file D:\Software\_WRITTEN BY ME\Mi Band 4 Watch Face\bPixel_v01\bpixel_01\0037.png
Trace|Loading image 38...
Trace|Image was loaded from file D:\Software\_WRITTEN BY ME\Mi Band 4 Watch Face\bPixel_v01\bpixel_01\0038.png
Trace|Loading image 39...
Trace|Image was loaded from file D:\Software\_WRITTEN BY ME\Mi Band 4 Watch Face\bPixel_v01\bpixel_01\0039.png
Trace|Loading image 40...
Trace|Image was loaded from file D:\Software\_WRITTEN BY ME\Mi Band 4 Watch Face\bPixel_v01\bpixel_01\0040.png
Trace|Loading image 41...
Trace|Image was loaded from file D:\Software\_WRITTEN BY ME\Mi Band 4 Watch Face\bPixel_v01\bpixel_01\0041.png
Trace|Loading image 42...
Trace|Image was loaded from file D:\Software\_WRITTEN BY ME\Mi Band 4 Watch Face\bPixel_v01\bpixel_01\0042.png
Trace|Loading image 43...
Trace|Image was loaded from file D:\Software\_WRITTEN BY ME\Mi Band 4 Watch Face\bPixel_v01\bpixel_01\0043.png
Trace|Loading image 44...
Trace|Image was loaded from file D:\Software\_WRITTEN BY ME\Mi Band 4 Watch Face\bPixel_v01\bpixel_01\0044.png
Trace|Loading image 45...
Trace|Image was loaded from file D:\Software\_WRITTEN BY ME\Mi Band 4 Watch Face\bPixel_v01\bpixel_01\0045.png
Trace|Loading image 46...
Trace|Image was loaded from file D:\Software\_WRITTEN BY ME\Mi Band 4 Watch Face\bPixel_v01\bpixel_01\0046.png
Trace|Loading image 47...
Trace|Image was loaded from file D:\Software\_WRITTEN BY ME\Mi Band 4 Watch Face\bPixel_v01\bpixel_01\0047.png
Trace|Loading image 48...
Trace|Image was loaded from file D:\Software\_WRITTEN BY ME\Mi Band 4 Watch Face\bPixel_v01\bpixel_01\0048.png
Trace|Loading image 49...
Trace|Image was loaded from file D:\Software\_WRITTEN BY ME\Mi Band 4 Watch Face\bPixel_v01\bpixel_01\0049.png
Trace|Loading image 50...
Trace|Image was loaded from file D:\Software\_WRITTEN BY ME\Mi Band 4 Watch Face\bPixel_v01\bpixel_01\0050.png
Trace|Loading image 51...
Trace|Image was loaded from file D:\Software\_WRITTEN BY ME\Mi Band 4 Watch Face\bPixel_v01\bpixel_01\0051.png
Trace|Loading resources for 7 'StepsProgress'
Trace|Loading resources for 7.2 'Scale'
Trace|Loading image 52...
Trace|Image was loaded from file D:\Software\_WRITTEN BY ME\Mi Band 4 Watch Face\bPixel_v01\bpixel_01\0052.png
Trace|Loading image 53...
Trace|Image was loaded from file D:\Software\_WRITTEN BY ME\Mi Band 4 Watch Face\bPixel_v01\bpixel_01\0053.png
Trace|Loading image 54...
Trace|Image was loaded from file D:\Software\_WRITTEN BY ME\Mi Band 4 Watch Face\bPixel_v01\bpixel_01\0054.png
Trace|Loading image 55...
Trace|Image was loaded from file D:\Software\_WRITTEN BY ME\Mi Band 4 Watch Face\bPixel_v01\bpixel_01\0055.png
Trace|Loading image 56...
Trace|Image was loaded from file D:\Software\_WRITTEN BY ME\Mi Band 4 Watch Face\bPixel_v01\bpixel_01\0056.png
Trace|Loading image 57...
Trace|Image was loaded from file D:\Software\_WRITTEN BY ME\Mi Band 4 Watch Face\bPixel_v01\bpixel_01\0057.png
Trace|Loading image 58...
Trace|Image was loaded from file D:\Software\_WRITTEN BY ME\Mi Band 4 Watch Face\bPixel_v01\bpixel_01\0058.png
Trace|Loading image 59...
Trace|Image was loaded from file D:\Software\_WRITTEN BY ME\Mi Band 4 Watch Face\bPixel_v01\bpixel_01\0059.png
Trace|Loading image 60...
Trace|Image was loaded from file D:\Software\_WRITTEN BY ME\Mi Band 4 Watch Face\bPixel_v01\bpixel_01\0060.png
Trace|Loading image 61...
Trace|Image was loaded from file D:\Software\_WRITTEN BY ME\Mi Band 4 Watch Face\bPixel_v01\bpixel_01\0061.png
Trace|Loading image 62...
Trace|Image was loaded from file D:\Software\_WRITTEN BY ME\Mi Band 4 Watch Face\bPixel_v01\bpixel_01\0062.png
Trace|Loading image 63...
Trace|Image was loaded from file D:\Software\_WRITTEN BY ME\Mi Band 4 Watch Face\bPixel_v01\bpixel_01\0063.png
Trace|Loading image 64...
Trace|Image was loaded from file D:\Software\_WRITTEN BY ME\Mi Band 4 Watch Face\bPixel_v01\bpixel_01\0064.png
Trace|Loading image 65...
Trace|Image was loaded from file D:\Software\_WRITTEN BY ME\Mi Band 4 Watch Face\bPixel_v01\bpixel_01\0065.png
Trace|Loading image 66...
Trace|Image was loaded from file D:\Software\_WRITTEN BY ME\Mi Band 4 Watch Face\bPixel_v01\bpixel_01\0066.png
Trace|Loading image 67...
Trace|Image was loaded from file D:\Software\_WRITTEN BY ME\Mi Band 4 Watch Face\bPixel_v01\bpixel_01\0067.png
Trace|Loading image 68...
Trace|Image was loaded from file D:\Software\_WRITTEN BY ME\Mi Band 4 Watch Face\bPixel_v01\bpixel_01\0068.png
Trace|Loading image 69...
Trace|Image was loaded from file D:\Software\_WRITTEN BY ME\Mi Band 4 Watch Face\bPixel_v01\bpixel_01\0069.png
Trace|Loading image 70...
Trace|Image was loaded from file D:\Software\_WRITTEN BY ME\Mi Band 4 Watch Face\bPixel_v01\bpixel_01\0070.png
Trace|Loading image 71...
Trace|Image was loaded from file D:\Software\_WRITTEN BY ME\Mi Band 4 Watch Face\bPixel_v01\bpixel_01\0071.png
Trace|Loading image 72...
Trace|Image was loaded from file D:\Software\_WRITTEN BY ME\Mi Band 4 Watch Face\bPixel_v01\bpixel_01\0072.png
Trace|Loading image 73...
Trace|Image was loaded from file D:\Software\_WRITTEN BY ME\Mi Band 4 Watch Face\bPixel_v01\bpixel_01\0073.png
Trace|Loading image 74...
Trace|Image was loaded from file D:\Software\_WRITTEN BY ME\Mi Band 4 Watch Face\bPixel_v01\bpixel_01\0074.png
Trace|Loading image 75...
Trace|Image was loaded from file D:\Software\_WRITTEN BY ME\Mi Band 4 Watch Face\bPixel_v01\bpixel_01\0075.png
Trace|Loading image 76...
Trace|Image was loaded from file D:\Software\_WRITTEN BY ME\Mi Band 4 Watch Face\bPixel_v01\bpixel_01\0076.png
Trace|Loading image 77...
Trace|Image was loaded from file D:\Software\_WRITTEN BY ME\Mi Band 4 Watch Face\bPixel_v01\bpixel_01\0077.png
Trace|Loading image 78...
Trace|Image was loaded from file D:\Software\_WRITTEN BY ME\Mi Band 4 Watch Face\bPixel_v01\bpixel_01\0078.png
Trace|Loading image 79...
Trace|Image was loaded from file D:\Software\_WRITTEN BY ME\Mi Band 4 Watch Face\bPixel_v01\bpixel_01\0079.png
Trace|Loading image 80...
Trace|Image was loaded from file D:\Software\_WRITTEN BY ME\Mi Band 4 Watch Face\bPixel_v01\bpixel_01\0080.png
Trace|Loading image 81...
Trace|Image was loaded from file D:\Software\_WRITTEN BY ME\Mi Band 4 Watch Face\bPixel_v01\bpixel_01\0081.png
Trace|Loading resources for 8 'Status'
Trace|Loading resources for 8.1 'Switch'
Trace|Loading resources for 8.1.1 'Coordinates'
Trace|Loading resources for 8.1.1.4 'TextAlignment'
Trace|Loading image 95...
Trace|Image was loaded from file D:\Software\_WRITTEN BY ME\Mi Band 4 Watch Face\bPixel_v01\bpixel_01\0095.png
Trace|Loading image 96...
Trace|Image was loaded from file D:\Software\_WRITTEN BY ME\Mi Band 4 Watch Face\bPixel_v01\bpixel_01\0096.png
Trace|Loading resources for 8.2 'Switch'
Trace|Loading resources for 8.2.1 'Coordinates'
Trace|Loading resources for 8.2.1.4 'TextAlignment'
Trace|Loading image 97...
Trace|Image was loaded from file D:\Software\_WRITTEN BY ME\Mi Band 4 Watch Face\bPixel_v01\bpixel_01\0097.png
Trace|Loading resources for 8.4 'Battery'
Trace|Loading resources for 8.4.1 'BatteryCfg'
Trace|Loading resources for 8.4.1.2 'TextAlignment'
Trace|Loading resources for 8.4.3 'ImageSet'
Trace|Loading image 82...
Trace|Image was loaded from file D:\Software\_WRITTEN BY ME\Mi Band 4 Watch Face\bPixel_v01\bpixel_01\0082.png
Trace|Loading image 83...
Trace|Image was loaded from file D:\Software\_WRITTEN BY ME\Mi Band 4 Watch Face\bPixel_v01\bpixel_01\0083.png
Trace|Loading image 84...
Trace|Image was loaded from file D:\Software\_WRITTEN BY ME\Mi Band 4 Watch Face\bPixel_v01\bpixel_01\0084.png
Trace|Loading image 85...
Trace|Image was loaded from file D:\Software\_WRITTEN BY ME\Mi Band 4 Watch Face\bPixel_v01\bpixel_01\0085.png
Trace|Loading image 86...
Trace|Image was loaded from file D:\Software\_WRITTEN BY ME\Mi Band 4 Watch Face\bPixel_v01\bpixel_01\0086.png
Trace|Loading image 87...
Trace|Image was loaded from file D:\Software\_WRITTEN BY ME\Mi Band 4 Watch Face\bPixel_v01\bpixel_01\0087.png
Trace|Loading image 88...
Trace|Image was loaded from file D:\Software\_WRITTEN BY ME\Mi Band 4 Watch Face\bPixel_v01\bpixel_01\0088.png
Trace|Loading image 89...
Trace|Image was loaded from file D:\Software\_WRITTEN BY ME\Mi Band 4 Watch Face\bPixel_v01\bpixel_01\0089.png
Trace|Building parameters for watch face...
Trace|2.1.1 'X': 0
Trace|2.1.2 'Y': 0
Trace|2.1.3 'ImageIndex': 0
Trace|2.1 'Image'
Trace|2 'Background'
Trace|3.1.1.1 'X': 0
Trace|3.1.1.2 'Y': 60
Trace|3.1.1.3 'ImageIndex': 1
Trace|3.1.1.4 'ImagesCount': 3
Trace|3.1.1 'Tens'
Trace|3.1.2.1 'X': 65
Trace|3.1.2.2 'Y': 60
Trace|3.1.2.3 'ImageIndex': 1
Trace|3.1.2.4 'ImagesCount': 10
Trace|3.1.2 'Ones'
Trace|3.1 'Hours'
Trace|3.2.1.1 'X': 0
Trace|3.2.1.2 'Y': 125
Trace|3.2.1.3 'ImageIndex': 1
Trace|3.2.1.4 'ImagesCount': 6
Trace|3.2.1 'Tens'
Trace|3.2.2.1 'X': 65
Trace|3.2.2.2 'Y': 125
Trace|3.2.2.3 'ImageIndex': 1
Trace|3.2.2.4 'ImagesCount': 10
Trace|3.2.2 'Ones'
Trace|3.2 'Minutes'
Trace|3 'Time'
Trace|4.5.1.1 'TopLeftX': 0
Trace|4.5.1.2 'TopLeftY': 195
Trace|4.5.1.3 'BottomRightX': 120
Trace|4.5.1.4 'BottomRightY': 223
Trace|4.5.1.5 'Alignment': 72
Trace|4.5.1.6 'Spacing': 4
Trace|4.5.1.7 'ImageIndex': 11
Trace|4.5.1.8 'ImagesCount': 10
Trace|4.5.1 'Number'
Trace|4.5.2 'KmSuffixImageIndex': 94
Trace|4.5.3 'DecimalPointImageIndex': 93
Trace|4.5 'Distance'
Trace|4 'Activity'
Trace|5.1.1.3.1 'TopLeftX': 0
Trace|5.1.1.3.2 'TopLeftY': 20
Trace|5.1.1.3.3 'BottomRightX': 120
Trace|5.1.1.3.4 'BottomRightY': 47
Trace|5.1.1.3.5 'Alignment': 72
Trace|5.1.1.3.6 'Spacing': 6
Trace|5.1.1.3.7 'ImageIndex': 21
Trace|5.1.1.3.8 'ImagesCount': 10
Trace|5.1.1.3 'Day'
Trace|5.1.1 'Separate'
Trace|5.1.3 'TwoDigitsMonth': 1
Trace|5.1.4 'TwoDigitsDay': 1
Trace|5.1 'MonthAndDay'
Trace|5.2.1 'X': 26
Trace|5.2.2 'Y': 2
Trace|5.2.3 'ImageIndex': 31
Trace|5.2.4 'ImagesCount': 21
Trace|5.2 'WeekDay'
Trace|5 'Date'
Trace|7.2.1 'StartImageIndex': 52
Trace|7.2.2 'Segments'
Trace|7.2.2.1 'X': 0
Trace|7.2.2.2 'Y': 228
Trace|7.2.2 'Segments'
Trace|7.2.2.1 'X': 4
Trace|7.2.2.2 'Y': 228
Trace|7.2.2 'Segments'
Trace|7.2.2.1 'X': 8
Trace|7.2.2.2 'Y': 228
Trace|7.2.2 'Segments'
Trace|7.2.2.1 'X': 12
Trace|7.2.2.2 'Y': 228
Trace|7.2.2 'Segments'
Trace|7.2.2.1 'X': 16
Trace|7.2.2.2 'Y': 228
Trace|7.2.2 'Segments'
Trace|7.2.2.1 'X': 20
Trace|7.2.2.2 'Y': 228
Trace|7.2.2 'Segments'
Trace|7.2.2.1 'X': 24
Trace|7.2.2.2 'Y': 228
Trace|7.2.2 'Segments'
Trace|7.2.2.1 'X': 28
Trace|7.2.2.2 'Y': 228
Trace|7.2.2 'Segments'
Trace|7.2.2.1 'X': 32
Trace|7.2.2.2 'Y': 228
Trace|7.2.2 'Segments'
Trace|7.2.2.1 'X': 36
Trace|7.2.2.2 'Y': 228
Trace|7.2.2 'Segments'
Trace|7.2.2.1 'X': 40
Trace|7.2.2.2 'Y': 228
Trace|7.2.2 'Segments'
Trace|7.2.2.1 'X': 44
Trace|7.2.2.2 'Y': 228
Trace|7.2.2 'Segments'
Trace|7.2.2.1 'X': 48
Trace|7.2.2.2 'Y': 228
Trace|7.2.2 'Segments'
Trace|7.2.2.1 'X': 52
Trace|7.2.2.2 'Y': 228
Trace|7.2.2 'Segments'
Trace|7.2.2.1 'X': 56
Trace|7.2.2.2 'Y': 228
Trace|7.2.2 'Segments'
Trace|7.2.2.1 'X': 60
Trace|7.2.2.2 'Y': 228
Trace|7.2.2 'Segments'
Trace|7.2.2.1 'X': 64
Trace|7.2.2.2 'Y': 228
Trace|7.2.2 'Segments'
Trace|7.2.2.1 'X': 68
Trace|7.2.2.2 'Y': 228
Trace|7.2.2 'Segments'
Trace|7.2.2.1 'X': 72
Trace|7.2.2.2 'Y': 228
Trace|7.2.2 'Segments'
Trace|7.2.2.1 'X': 76
Trace|7.2.2.2 'Y': 228
Trace|7.2.2 'Segments'
Trace|7.2.2.1 'X': 80
Trace|7.2.2.2 'Y': 228
Trace|7.2.2 'Segments'
Trace|7.2.2.1 'X': 84
Trace|7.2.2.2 'Y': 228
Trace|7.2.2 'Segments'
Trace|7.2.2.1 'X': 88
Trace|7.2.2.2 'Y': 228
Trace|7.2.2 'Segments'
Trace|7.2.2.1 'X': 92
Trace|7.2.2.2 'Y': 228
Trace|7.2.2 'Segments'
Trace|7.2.2.1 'X': 96
Trace|7.2.2.2 'Y': 228
Trace|7.2.2 'Segments'
Trace|7.2.2.1 'X': 100
Trace|7.2.2.2 'Y': 228
Trace|7.2.2 'Segments'
Trace|7.2.2.1 'X': 104
Trace|7.2.2.2 'Y': 228
Trace|7.2.2 'Segments'
Trace|7.2.2.1 'X': 108
Trace|7.2.2.2 'Y': 228
Trace|7.2.2 'Segments'
Trace|7.2.2.1 'X': 112
Trace|7.2.2.2 'Y': 228
Trace|7.2.2 'Segments'
Trace|7.2.2.1 'X': 116
Trace|7.2.2.2 'Y': 228
Trace|7.2 'Linear'
Trace|7 'StepsProgress'
Trace|8.1.1.1 'X': 6
Trace|8.1.1.2 'Y': 27
Trace|8.1.1.3 'BoxWidth': 0
Trace|8.1.1.4 'Alignment': 0
Trace|8.1.1.5 'Order': 0
Trace|8.1.1 'Coordinates'
Trace|8.1.2 'ImageIndexOn': 90
Trace|8.1.3 'ImageIndexOff': 91
Trace|8.1 'DoNotDisturb'
Trace|8.2.1.1 'X': 102
Trace|8.2.1.2 'Y': 27
Trace|8.2.1.3 'BoxWidth': 0
Trace|8.2.1.4 'Alignment': 0
Trace|8.2.1.5 'Order': 0
Trace|8.2.1 'Coordinates'
Trace|8.2.2 'ImageIndexOn': 92
Trace|8.2.3 'ImageIndexOff': 90
Trace|8.2 'Lock'
Trace|8.4.1.1 'BoxWidth': 0
Trace|8.4.1.2 'Alignment': 0
Trace|8.4.1.3 'Order': 0
Trace|8.4.1 'BatteryConfig'
Trace|8.4.3.1 'X': 1
Trace|8.4.3.2 'Y': 2
Trace|8.4.3.3 'ImageIndex': 82
Trace|8.4.3.4 'ImagesCount': 8
Trace|8.4.3 'Icon'
Trace|8.4 'Battery'
Trace|8 'Status'
Debug|Generating previews...
Debug|Writing watch face to 'D:\Software\_WRITTEN BY ME\Mi Band 4 Watch Face\bPixel_v01\bpixel_01\bpixel01_packed.bin'
Trace|Encoding parameters...
Trace|Parameter: 2
Trace|1 (0A):
Trace|    1 (08): 0 (00)
Trace|    2 (10): 0 (00)
Trace|    3 (18): 0 (00)
Trace|8 bytes
Trace|Parameter: 3
Trace|1 (0A):
Trace|    1 (0A):
Trace|        1 (08): 0 (00)
Trace|        2 (10): 60 (3C)
Trace|        3 (18): 1 (01)
Trace|        4 (20): 3 (03)
Trace|    10 bytes
Trace|    2 (12):
Trace|        1 (08): 65 (41)
Trace|        2 (10): 60 (3C)
Trace|        3 (18): 1 (01)
Trace|        4 (20): 10 (0A)
Trace|    10 bytes
Trace|22 bytes
Trace|2 (12):
Trace|    1 (0A):
Trace|        1 (08): 0 (00)
Trace|        2 (10): 125 (7D)
Trace|        3 (18): 1 (01)
Trace|        4 (20): 6 (06)
Trace|    10 bytes
Trace|    2 (12):
Trace|        1 (08): 65 (41)
Trace|        2 (10): 125 (7D)
Trace|        3 (18): 1 (01)
Trace|        4 (20): 10 (0A)
Trace|    10 bytes
Trace|22 bytes
Trace|Parameter: 4
Trace|5 (2A):
Trace|    1 (0A):
Trace|        1 (08): 0 (00)
Trace|        2 (10): 195 (C3)
Trace|        3 (18): 120 (78)
Trace|        4 (20): 223 (DF)
Trace|        5 (28): 72 (48)
Trace|        6 (30): 4 (04)
Trace|        7 (38): 11 (0B)
Trace|        8 (40): 10 (0A)
Trace|    20 bytes
Trace|    2 (10): 94 (5E)
Trace|    3 (18): 93 (5D)
Trace|26 bytes
Trace|Parameter: 5
Trace|1 (0A):
Trace|    1 (0A):
Trace|        3 (1A):
Trace|            1 (08): 0 (00)
Trace|            2 (10): 20 (14)
Trace|            3 (18): 120 (78)
Trace|            4 (20): 47 (2F)
Trace|            5 (28): 72 (48)
Trace|            6 (30): 6 (06)
Trace|            7 (38): 21 (15)
Trace|            8 (40): 10 (0A)
Trace|        18 bytes
Trace|    20 bytes
Trace|    3 (18): 1 (01)
Trace|    4 (20): 1 (01)
Trace|26 bytes
Trace|2 (12):
Trace|    1 (08): 26 (1A)
Trace|    2 (10): 2 (02)
Trace|    3 (18): 31 (1F)
Trace|    4 (20): 21 (15)
Trace|10 bytes
Trace|Parameter: 7
Trace|2 (12):
Trace|    1 (08): 52 (34)
Trace|    2 (12):
Trace|        1 (08): 0 (00)
Trace|        2 (10): 228 (E4)
Trace|    7 bytes
Trace|    2 (12):
Trace|        1 (08): 4 (04)
Trace|        2 (10): 228 (E4)
Trace|    7 bytes
Trace|    2 (12):
Trace|        1 (08): 8 (08)
Trace|        2 (10): 228 (E4)
Trace|    7 bytes
Trace|    2 (12):
Trace|        1 (08): 12 (0C)
Trace|        2 (10): 228 (E4)
Trace|    7 bytes
Trace|    2 (12):
Trace|        1 (08): 16 (10)
Trace|        2 (10): 228 (E4)
Trace|    7 bytes
Trace|    2 (12):
Trace|        1 (08): 20 (14)
Trace|        2 (10): 228 (E4)
Trace|    7 bytes
Trace|    2 (12):
Trace|        1 (08): 24 (18)
Trace|        2 (10): 228 (E4)
Trace|    7 bytes
Trace|    2 (12):
Trace|        1 (08): 28 (1C)
Trace|        2 (10): 228 (E4)
Trace|    7 bytes
Trace|    2 (12):
Trace|        1 (08): 32 (20)
Trace|        2 (10): 228 (E4)
Trace|    7 bytes
Trace|    2 (12):
Trace|        1 (08): 36 (24)
Trace|        2 (10): 228 (E4)
Trace|    7 bytes
Trace|    2 (12):
Trace|        1 (08): 40 (28)
Trace|        2 (10): 228 (E4)
Trace|    7 bytes
Trace|    2 (12):
Trace|        1 (08): 44 (2C)
Trace|        2 (10): 228 (E4)
Trace|    7 bytes
Trace|    2 (12):
Trace|        1 (08): 48 (30)
Trace|        2 (10): 228 (E4)
Trace|    7 bytes
Trace|    2 (12):
Trace|        1 (08): 52 (34)
Trace|        2 (10): 228 (E4)
Trace|    7 bytes
Trace|    2 (12):
Trace|        1 (08): 56 (38)
Trace|        2 (10): 228 (E4)
Trace|    7 bytes
Trace|    2 (12):
Trace|        1 (08): 60 (3C)
Trace|        2 (10): 228 (E4)
Trace|    7 bytes
Trace|    2 (12):
Trace|        1 (08): 64 (40)
Trace|        2 (10): 228 (E4)
Trace|    7 bytes
Trace|    2 (12):
Trace|        1 (08): 68 (44)
Trace|        2 (10): 228 (E4)
Trace|    7 bytes
Trace|    2 (12):
Trace|        1 (08): 72 (48)
Trace|        2 (10): 228 (E4)
Trace|    7 bytes
Trace|    2 (12):
Trace|        1 (08): 76 (4C)
Trace|        2 (10): 228 (E4)
Trace|    7 bytes
Trace|    2 (12):
Trace|        1 (08): 80 (50)
Trace|        2 (10): 228 (E4)
Trace|    7 bytes
Trace|    2 (12):
Trace|        1 (08): 84 (54)
Trace|        2 (10): 228 (E4)
Trace|    7 bytes
Trace|    2 (12):
Trace|        1 (08): 88 (58)
Trace|        2 (10): 228 (E4)
Trace|    7 bytes
Trace|    2 (12):
Trace|        1 (08): 92 (5C)
Trace|        2 (10): 228 (E4)
Trace|    7 bytes
Trace|    2 (12):
Trace|        1 (08): 96 (60)
Trace|        2 (10): 228 (E4)
Trace|    7 bytes
Trace|    2 (12):
Trace|        1 (08): 100 (64)
Trace|        2 (10): 228 (E4)
Trace|    7 bytes
Trace|    2 (12):
Trace|        1 (08): 104 (68)
Trace|        2 (10): 228 (E4)
Trace|    7 bytes
Trace|    2 (12):
Trace|        1 (08): 108 (6C)
Trace|        2 (10): 228 (E4)
Trace|    7 bytes
Trace|    2 (12):
Trace|        1 (08): 112 (70)
Trace|        2 (10): 228 (E4)
Trace|    7 bytes
Trace|    2 (12):
Trace|        1 (08): 116 (74)
Trace|        2 (10): 228 (E4)
Trace|    7 bytes
Trace|215 bytes
Trace|Parameter: 8
Trace|1 (0A):
Trace|    1 (0A):
Trace|        1 (08): 6 (06)
Trace|        2 (10): 27 (1B)
Trace|        3 (18): 0 (00)
Trace|        4 (20): 0 (00)
Trace|        5 (28): 0 (00)
Trace|    12 bytes
Trace|    2 (10): 90 (5A)
Trace|    3 (18): 91 (5B)
Trace|18 bytes
Trace|2 (12):
Trace|    1 (0A):
Trace|        1 (08): 102 (66)
Trace|        2 (10): 27 (1B)
Trace|        3 (18): 0 (00)
Trace|        4 (20): 0 (00)
Trace|        5 (28): 0 (00)
Trace|    12 bytes
Trace|    2 (10): 92 (5C)
Trace|    3 (18): 90 (5A)
Trace|18 bytes
Trace|4 (22):
Trace|    1 (0A):
Trace|        1 (08): 0 (00)
Trace|        2 (10): 0 (00)
Trace|        3 (18): 0 (00)
Trace|    8 bytes
Trace|    3 (1A):
Trace|        1 (08): 1 (01)
Trace|        2 (10): 2 (02)
Trace|        3 (18): 82 (52)
Trace|        4 (20): 8 (08)
Trace|    10 bytes
Trace|20 bytes
Trace|Encoding offsets and lengths...
Trace|1 (0A):
Trace|    1 (08): 385 (181)
Trace|    2 (10): 95 (5F)
Trace|7 bytes
Trace|2 (12):
Trace|    1 (08): 0 (00)
Trace|    2 (10): 8 (08)
Trace|6 bytes
Trace|3 (1A):
Trace|    1 (08): 8 (08)
Trace|    2 (10): 44 (2C)
Trace|6 bytes
Trace|4 (22):
Trace|    1 (08): 52 (34)
Trace|    2 (10): 26 (1A)
Trace|6 bytes
Trace|5 (2A):
Trace|    1 (08): 78 (4E)
Trace|    2 (10): 36 (24)
Trace|6 bytes
Trace|7 (3A):
Trace|    1 (08): 114 (72)
Trace|    2 (10): 215 (D7)
Trace|7 bytes
Trace|8 (42):
Trace|    1 (08): 329 (149)
Trace|    2 (10): 56 (38)
Trace|7 bytes
Trace|Writing header...
Trace|Writing parameters offsets and lengths...
Trace|Writing parameters...
Trace|Writing images...
Trace|Resource 0 offset is 0...
Debug|Encoding resource 0...
Trace|Writing image in Palette mode
Trace|Extracting palette...
Trace|Palette item 0: R 00, G 00, B 00
Trace|Bits per pixel Estimated:0, Used:2
Trace|Writing image header...
Trace|Width: 120, Height: 240, RowLength: 30
Trace|BPP: 2, PaletteColors: 1, Transaparency: 0
Trace|Writing palette...
Trace|Writing image...
Trace|Resource 1 offset is 7220...
Debug|Encoding resource 1...
Trace|Writing image in Palette mode
Trace|Extracting palette...
Trace|Palette item 0: R 00, G 00, B 00
Trace|Palette item 1: R FF, G FF, B 99
Trace|Bits per pixel Estimated:1, Used:2
Trace|Writing image header...
Trace|Width: 55, Height: 55, RowLength: 14
Trace|BPP: 2, PaletteColors: 2, Transaparency: 0
Trace|Writing palette...
Trace|Writing image...
Trace|Resource 2 offset is 8014...
Debug|Encoding resource 2...
Trace|Writing image in Palette mode
Trace|Extracting palette...
Trace|Palette item 0: R 00, G 00, B 00
Trace|Palette item 1: R FF, G FF, B 99
Trace|Bits per pixel Estimated:1, Used:2
Trace|Writing image header...
Trace|Width: 55, Height: 55, RowLength: 14
Trace|BPP: 2, PaletteColors: 2, Transaparency: 0
Trace|Writing palette...
Trace|Writing image...
Trace|Resource 3 offset is 8808...
Debug|Encoding resource 3...
Trace|Writing image in Palette mode
Trace|Extracting palette...
Trace|Palette item 0: R 00, G 00, B 00
Trace|Palette item 1: R FF, G FF, B 99
Trace|Bits per pixel Estimated:1, Used:2
Trace|Writing image header...
Trace|Width: 55, Height: 55, RowLength: 14
Trace|BPP: 2, PaletteColors: 2, Transaparency: 0
Trace|Writing palette...
Trace|Writing image...
Trace|Resource 4 offset is 9602...
Debug|Encoding resource 4...
Trace|Writing image in Palette mode
Trace|Extracting palette...
Trace|Palette item 0: R 00, G 00, B 00
Trace|Palette item 1: R FF, G FF, B 99
Trace|Bits per pixel Estimated:1, Used:2
Trace|Writing image header...
Trace|Width: 55, Height: 55, RowLength: 14
Trace|BPP: 2, PaletteColors: 2, Transaparency: 0
Trace|Writing palette...
Trace|Writing image...
Trace|Resource 5 offset is 10396...
Debug|Encoding resource 5...
Trace|Writing image in Palette mode
Trace|Extracting palette...
Trace|Palette item 0: R 00, G 00, B 00
Trace|Palette item 1: R FF, G FF, B 99
Trace|Bits per pixel Estimated:1, Used:2
Trace|Writing image header...
Trace|Width: 55, Height: 55, RowLength: 14
Trace|BPP: 2, PaletteColors: 2, Transaparency: 0
Trace|Writing palette...
Trace|Writing image...
Trace|Resource 6 offset is 11190...
Debug|Encoding resource 6...
Trace|Writing image in Palette mode
Trace|Extracting palette...
Trace|Palette item 0: R FF, G FF, B 99
Trace|Palette item 1: R 00, G 00, B 00
Trace|Bits per pixel Estimated:1, Used:2
Trace|Writing image header...
Trace|Width: 55, Height: 55, RowLength: 14
Trace|BPP: 2, PaletteColors: 2, Transaparency: 0
Trace|Writing palette...
Trace|Writing image...
Trace|Resource 7 offset is 11984...
Debug|Encoding resource 7...
Trace|Writing image in Palette mode
Trace|Extracting palette...
Trace|Palette item 0: R 00, G 00, B 00
Trace|Palette item 1: R FF, G FF, B 99
Trace|Bits per pixel Estimated:1, Used:2
Trace|Writing image header...
Trace|Width: 55, Height: 55, RowLength: 14
Trace|BPP: 2, PaletteColors: 2, Transaparency: 0
Trace|Writing palette...
Trace|Writing image...
Trace|Resource 8 offset is 12778...
Debug|Encoding resource 8...
Trace|Writing image in Palette mode
Trace|Extracting palette...
Trace|Palette item 0: R FF, G FF, B 99
Trace|Palette item 1: R 00, G 00, B 00
Trace|Bits per pixel Estimated:1, Used:2
Trace|Writing image header...
Trace|Width: 55, Height: 55, RowLength: 14
Trace|BPP: 2, PaletteColors: 2, Transaparency: 0
Trace|Writing palette...
Trace|Writing image...
Trace|Resource 9 offset is 13572...
Debug|Encoding resource 9...
Trace|Writing image in Palette mode
Trace|Extracting palette...
Trace|Palette item 0: R 00, G 00, B 00
Trace|Palette item 1: R FF, G FF, B 99
Trace|Bits per pixel Estimated:1, Used:2
Trace|Writing image header...
Trace|Width: 55, Height: 55, RowLength: 14
Trace|BPP: 2, PaletteColors: 2, Transaparency: 0
Trace|Writing palette...
Trace|Writing image...
Trace|Resource 10 offset is 14366...
Debug|Encoding resource 10...
Trace|Writing image in Palette mode
Trace|Extracting palette...
Trace|Palette item 0: R 00, G 00, B 00
Trace|Palette item 1: R FF, G FF, B 99
Trace|Bits per pixel Estimated:1, Used:2
Trace|Writing image header...
Trace|Width: 55, Height: 55, RowLength: 14
Trace|BPP: 2, PaletteColors: 2, Transaparency: 0
Trace|Writing palette...
Trace|Writing image...
Trace|Resource 11 offset is 15160...
Debug|Encoding resource 11...
Trace|Writing image in Palette mode
Trace|Extracting palette...
Trace|Palette item 0: R 00, G 00, B 00
Trace|Palette item 1: R 99, G 99, B 33
Trace|Bits per pixel Estimated:1, Used:2
Trace|Writing image header...
Trace|Width: 27, Height: 27, RowLength: 7
Trace|BPP: 2, PaletteColors: 2, Transaparency: 0
Trace|Writing palette...
Trace|Writing image...
Trace|Resource 12 offset is 15373...
Debug|Encoding resource 12...
Trace|Writing image in Palette mode
Trace|Extracting palette...
Trace|Palette item 0: R 00, G 00, B 00
Trace|Palette item 1: R 99, G 99, B 33
Trace|Bits per pixel Estimated:1, Used:2
Trace|Writing image header...
Trace|Width: 27, Height: 27, RowLength: 7
Trace|BPP: 2, PaletteColors: 2, Transaparency: 0
Trace|Writing palette...
Trace|Writing image...
Trace|Resource 13 offset is 15586...
Debug|Encoding resource 13...
Trace|Writing image in Palette mode
Trace|Extracting palette...
Trace|Palette item 0: R 00, G 00, B 00
Trace|Palette item 1: R 99, G 99, B 33
Trace|Bits per pixel Estimated:1, Used:2
Trace|Writing image header...
Trace|Width: 27, Height: 27, RowLength: 7
Trace|BPP: 2, PaletteColors: 2, Transaparency: 0
Trace|Writing palette...
Trace|Writing image...
Trace|Resource 14 offset is 15799...
Debug|Encoding resource 14...
Trace|Writing image in Palette mode
Trace|Extracting palette...
Trace|Palette item 0: R 00, G 00, B 00
Trace|Palette item 1: R 99, G 99, B 33
Trace|Bits per pixel Estimated:1, Used:2
Trace|Writing image header...
Trace|Width: 27, Height: 27, RowLength: 7
Trace|BPP: 2, PaletteColors: 2, Transaparency: 0
Trace|Writing palette...
Trace|Writing image...
Trace|Resource 15 offset is 16012...
Debug|Encoding resource 15...
Trace|Writing image in Palette mode
Trace|Extracting palette...
Trace|Palette item 0: R 00, G 00, B 00
Trace|Palette item 1: R 99, G 99, B 33
Trace|Bits per pixel Estimated:1, Used:2
Trace|Writing image header...
Trace|Width: 27, Height: 27, RowLength: 7
Trace|BPP: 2, PaletteColors: 2, Transaparency: 0
Trace|Writing palette...
Trace|Writing image...
Trace|Resource 16 offset is 16225...
Debug|Encoding resource 16...
Trace|Writing image in Palette mode
Trace|Extracting palette...
Trace|Palette item 0: R 99, G 99, B 33
Trace|Palette item 1: R 00, G 00, B 00
Trace|Bits per pixel Estimated:1, Used:2
Trace|Writing image header...
Trace|Width: 27, Height: 27, RowLength: 7
Trace|BPP: 2, PaletteColors: 2, Transaparency: 0
Trace|Writing palette...
Trace|Writing image...
Trace|Resource 17 offset is 16438...
Debug|Encoding resource 17...
Trace|Writing image in Palette mode
Trace|Extracting palette...
Trace|Palette item 0: R 00, G 00, B 00
Trace|Palette item 1: R 99, G 99, B 33
Trace|Bits per pixel Estimated:1, Used:2
Trace|Writing image header...
Trace|Width: 27, Height: 27, RowLength: 7
Trace|BPP: 2, PaletteColors: 2, Transaparency: 0
Trace|Writing palette...
Trace|Writing image...
Trace|Resource 18 offset is 16651...
Debug|Encoding resource 18...
Trace|Writing image in Palette mode
Trace|Extracting palette...
Trace|Palette item 0: R 99, G 99, B 33
Trace|Palette item 1: R 00, G 00, B 00
Trace|Bits per pixel Estimated:1, Used:2
Trace|Writing image header...
Trace|Width: 27, Height: 27, RowLength: 7
Trace|BPP: 2, PaletteColors: 2, Transaparency: 0
Trace|Writing palette...
Trace|Writing image...
Trace|Resource 19 offset is 16864...
Debug|Encoding resource 19...
Trace|Writing image in Palette mode
Trace|Extracting palette...
Trace|Palette item 0: R 00, G 00, B 00
Trace|Palette item 1: R 99, G 99, B 33
Trace|Bits per pixel Estimated:1, Used:2
Trace|Writing image header...
Trace|Width: 27, Height: 27, RowLength: 7
Trace|BPP: 2, PaletteColors: 2, Transaparency: 0
Trace|Writing palette...
Trace|Writing image...
Trace|Resource 20 offset is 17077...
Debug|Encoding resource 20...
Trace|Writing image in Palette mode
Trace|Extracting palette...
Trace|Palette item 0: R 00, G 00, B 00
Trace|Palette item 1: R 99, G 99, B 33
Trace|Bits per pixel Estimated:1, Used:2
Trace|Writing image header...
Trace|Width: 27, Height: 27, RowLength: 7
Trace|BPP: 2, PaletteColors: 2, Transaparency: 0
Trace|Writing palette...
Trace|Writing image...
Trace|Resource 21 offset is 17290...
Debug|Encoding resource 21...
Trace|Writing image in Palette mode
Trace|Extracting palette...
Trace|Palette item 0: R 00, G 00, B 00
Trace|Palette item 1: R CC, G 99, B 33
Trace|Bits per pixel Estimated:1, Used:2
Trace|Writing image header...
Trace|Width: 27, Height: 27, RowLength: 7
Trace|BPP: 2, PaletteColors: 2, Transaparency: 0
Trace|Writing palette...
Trace|Writing image...
Trace|Resource 22 offset is 17503...
Debug|Encoding resource 22...
Trace|Writing image in Palette mode
Trace|Extracting palette...
Trace|Palette item 0: R 00, G 00, B 00
Trace|Palette item 1: R CC, G 99, B 33
Trace|Bits per pixel Estimated:1, Used:2
Trace|Writing image header...
Trace|Width: 27, Height: 27, RowLength: 7
Trace|BPP: 2, PaletteColors: 2, Transaparency: 0
Trace|Writing palette...
Trace|Writing image...
Trace|Resource 23 offset is 17716...
Debug|Encoding resource 23...
Trace|Writing image in Palette mode
Trace|Extracting palette...
Trace|Palette item 0: R 00, G 00, B 00
Trace|Palette item 1: R CC, G 99, B 33
Trace|Bits per pixel Estimated:1, Used:2
Trace|Writing image header...
Trace|Width: 27, Height: 27, RowLength: 7
Trace|BPP: 2, PaletteColors: 2, Transaparency: 0
Trace|Writing palette...
Trace|Writing image...
Trace|Resource 24 offset is 17929...
Debug|Encoding resource 24...
Trace|Writing image in Palette mode
Trace|Extracting palette...
Trace|Palette item 0: R 00, G 00, B 00
Trace|Palette item 1: R CC, G 99, B 33
Trace|Bits per pixel Estimated:1, Used:2
Trace|Writing image header...
Trace|Width: 27, Height: 27, RowLength: 7
Trace|BPP: 2, PaletteColors: 2, Transaparency: 0
Trace|Writing palette...
Trace|Writing image...
Trace|Resource 25 offset is 18142...
Debug|Encoding resource 25...
Trace|Writing image in Palette mode
Trace|Extracting palette...
Trace|Palette item 0: R 00, G 00, B 00
Trace|Palette item 1: R CC, G 99, B 33
Trace|Bits per pixel Estimated:1, Used:2
Trace|Writing image header...
Trace|Width: 27, Height: 27, RowLength: 7
Trace|BPP: 2, PaletteColors: 2, Transaparency: 0
Trace|Writing palette...
Trace|Writing image...
Trace|Resource 26 offset is 18355...
Debug|Encoding resource 26...
Trace|Writing image in Palette mode
Trace|Extracting palette...
Trace|Palette item 0: R CC, G 99, B 33
Trace|Palette item 1: R 00, G 00, B 00
Trace|Bits per pixel Estimated:1, Used:2
Trace|Writing image header...
Trace|Width: 27, Height: 27, RowLength: 7
Trace|BPP: 2, PaletteColors: 2, Transaparency: 0
Trace|Writing palette...
Trace|Writing image...
Trace|Resource 27 offset is 18568...
Debug|Encoding resource 27...
Trace|Writing image in Palette mode
Trace|Extracting palette...
Trace|Palette item 0: R 00, G 00, B 00
Trace|Palette item 1: R CC, G 99, B 33
Trace|Bits per pixel Estimated:1, Used:2
Trace|Writing image header...
Trace|Width: 27, Height: 27, RowLength: 7
Trace|BPP: 2, PaletteColors: 2, Transaparency: 0
Trace|Writing palette...
Trace|Writing image...
Trace|Resource 28 offset is 18781...
Debug|Encoding resource 28...
Trace|Writing image in Palette mode
Trace|Extracting palette...
Trace|Palette item 0: R CC, G 99, B 33
Trace|Palette item 1: R 00, G 00, B 00
Trace|Bits per pixel Estimated:1, Used:2
Trace|Writing image header...
Trace|Width: 27, Height: 27, RowLength: 7
Trace|BPP: 2, PaletteColors: 2, Transaparency: 0
Trace|Writing palette...
Trace|Writing image...
Trace|Resource 29 offset is 18994...
Debug|Encoding resource 29...
Trace|Writing image in Palette mode
Trace|Extracting palette...
Trace|Palette item 0: R 00, G 00, B 00
Trace|Palette item 1: R CC, G 99, B 33
Trace|Bits per pixel Estimated:1, Used:2
Trace|Writing image header...
Trace|Width: 27, Height: 27, RowLength: 7
Trace|BPP: 2, PaletteColors: 2, Transaparency: 0
Trace|Writing palette...
Trace|Writing image...
Trace|Resource 30 offset is 19207...
Debug|Encoding resource 30...
Trace|Writing image in Palette mode
Trace|Extracting palette...
Trace|Palette item 0: R 00, G 00, B 00
Trace|Palette item 1: R CC, G 99, B 33
Trace|Bits per pixel Estimated:1, Used:2
Trace|Writing image header...
Trace|Width: 27, Height: 27, RowLength: 7
Trace|BPP: 2, PaletteColors: 2, Transaparency: 0
Trace|Writing palette...
Trace|Writing image...
Trace|Resource 31 offset is 19420...
Debug|Encoding resource 31...
Trace|Writing image in Palette mode
Trace|Extracting palette...
Trace|Palette item 0: R CC, G 99, B 33
Trace|Palette item 1: R 00, G 00, B 00
Trace|Palette item 2: R 4F, G 3C, B 13
Trace|Bits per pixel Estimated:2, Used:2
Trace|Writing image header...
Trace|Width: 67, Height: 11, RowLength: 17
Trace|BPP: 2, PaletteColors: 3, Transaparency: 0
Trace|Writing palette...
Trace|Writing image...
Trace|Resource 32 offset is 19635...
Debug|Encoding resource 32...
Trace|Writing image in Palette mode
Trace|Extracting palette...
Trace|Palette item 0: R 00, G 00, B 00
Trace|Palette item 1: R CC, G 99, B 33
Trace|Palette item 2: R 4F, G 3C, B 13
Trace|Bits per pixel Estimated:2, Used:2
Trace|Writing image header...
Trace|Width: 67, Height: 11, RowLength: 17
Trace|BPP: 2, PaletteColors: 3, Transaparency: 0
Trace|Writing palette...
Trace|Writing image...
Trace|Resource 33 offset is 19850...
Debug|Encoding resource 33...
Trace|Writing image in Palette mode
Trace|Extracting palette...
Trace|Palette item 0: R 00, G 00, B 00
Trace|Palette item 1: R CC, G 99, B 33
Trace|Palette item 2: R 4F, G 3C, B 13
Trace|Bits per pixel Estimated:2, Used:2
Trace|Writing image header...
Trace|Width: 67, Height: 11, RowLength: 17
Trace|BPP: 2, PaletteColors: 3, Transaparency: 0
Trace|Writing palette...
Trace|Writing image...
Trace|Resource 34 offset is 20065...
Debug|Encoding resource 34...
Trace|Writing image in Palette mode
Trace|Extracting palette...
Trace|Palette item 0: R 00, G 00, B 00
Trace|Palette item 1: R CC, G 99, B 33
Trace|Palette item 2: R 4F, G 3C, B 13
Trace|Bits per pixel Estimated:2, Used:2
Trace|Writing image header...
Trace|Width: 67, Height: 11, RowLength: 17
Trace|BPP: 2, PaletteColors: 3, Transaparency: 0
Trace|Writing palette...
Trace|Writing image...
Trace|Resource 35 offset is 20280...
Debug|Encoding resource 35...
Trace|Writing image in Palette mode
Trace|Extracting palette...
Trace|Palette item 0: R 00, G 00, B 00
Trace|Palette item 1: R CC, G 99, B 33
Trace|Palette item 2: R 4F, G 3C, B 13
Trace|Bits per pixel Estimated:2, Used:2
Trace|Writing image header...
Trace|Width: 67, Height: 11, RowLength: 17
Trace|BPP: 2, PaletteColors: 3, Transaparency: 0
Trace|Writing palette...
Trace|Writing image...
Trace|Resource 36 offset is 20495...
Debug|Encoding resource 36...
Trace|Writing image in Palette mode
Trace|Extracting palette...
Trace|Palette item 0: R 00, G 00, B 00
Trace|Palette item 1: R CC, G 99, B 33
Trace|Palette item 2: R 4F, G 3C, B 13
Trace|Bits per pixel Estimated:2, Used:2
Trace|Writing image header...
Trace|Width: 67, Height: 11, RowLength: 17
Trace|BPP: 2, PaletteColors: 3, Transaparency: 0
Trace|Writing palette...
Trace|Writing image...
Trace|Resource 37 offset is 20710...
Debug|Encoding resource 37...
Trace|Writing image in Palette mode
Trace|Extracting palette...
Trace|Palette item 0: R 00, G 00, B 00
Trace|Palette item 1: R CC, G 99, B 33
Trace|Palette item 2: R 4F, G 3C, B 13
Trace|Bits per pixel Estimated:2, Used:2
Trace|Writing image header...
Trace|Width: 67, Height: 11, RowLength: 17
Trace|BPP: 2, PaletteColors: 3, Transaparency: 0
Trace|Writing palette...
Trace|Writing image...
Trace|Resource 38 offset is 20925...
Debug|Encoding resource 38...
Trace|Writing image in Palette mode
Trace|Extracting palette...
Trace|Palette item 0: R CC, G 99, B 33
Trace|Palette item 1: R 00, G 00, B 00
Trace|Palette item 2: R 4F, G 3C, B 13
Trace|Bits per pixel Estimated:2, Used:2
Trace|Writing image header...
Trace|Width: 67, Height: 11, RowLength: 17
Trace|BPP: 2, PaletteColors: 3, Transaparency: 0
Trace|Writing palette...
Trace|Writing image...
Trace|Resource 39 offset is 21140...
Debug|Encoding resource 39...
Trace|Writing image in Palette mode
Trace|Extracting palette...
Trace|Palette item 0: R 00, G 00, B 00
Trace|Palette item 1: R CC, G 99, B 33
Trace|Palette item 2: R 4F, G 3C, B 13
Trace|Bits per pixel Estimated:2, Used:2
Trace|Writing image header...
Trace|Width: 67, Height: 11, RowLength: 17
Trace|BPP: 2, PaletteColors: 3, Transaparency: 0
Trace|Writing palette...
Trace|Writing image...
Trace|Resource 40 offset is 21355...
Debug|Encoding resource 40...
Trace|Writing image in Palette mode
Trace|Extracting palette...
Trace|Palette item 0: R 00, G 00, B 00
Trace|Palette item 1: R CC, G 99, B 33
Trace|Palette item 2: R 4F, G 3C, B 13
Trace|Bits per pixel Estimated:2, Used:2
Trace|Writing image header...
Trace|Width: 67, Height: 11, RowLength: 17
Trace|BPP: 2, PaletteColors: 3, Transaparency: 0
Trace|Writing palette...
Trace|Writing image...
Trace|Resource 41 offset is 21570...
Debug|Encoding resource 41...
Trace|Writing image in Palette mode
Trace|Extracting palette...
Trace|Palette item 0: R 00, G 00, B 00
Trace|Palette item 1: R CC, G 99, B 33
Trace|Palette item 2: R 4F, G 3C, B 13
Trace|Bits per pixel Estimated:2, Used:2
Trace|Writing image header...
Trace|Width: 67, Height: 11, RowLength: 17
Trace|BPP: 2, PaletteColors: 3, Transaparency: 0
Trace|Writing palette...
Trace|Writing image...
Trace|Resource 42 offset is 21785...
Debug|Encoding resource 42...
Trace|Writing image in Palette mode
Trace|Extracting palette...
Trace|Palette item 0: R 00, G 00, B 00
Trace|Palette item 1: R CC, G 99, B 33
Trace|Palette item 2: R 4F, G 3C, B 13
Trace|Bits per pixel Estimated:2, Used:2
Trace|Writing image header...
Trace|Width: 67, Height: 11, RowLength: 17
Trace|BPP: 2, PaletteColors: 3, Transaparency: 0
Trace|Writing palette...
Trace|Writing image...
Trace|Resource 43 offset is 22000...
Debug|Encoding resource 43...
Trace|Writing image in Palette mode
Trace|Extracting palette...
Trace|Palette item 0: R 00, G 00, B 00
Trace|Palette item 1: R CC, G 99, B 33
Trace|Palette item 2: R 4F, G 3C, B 13
Trace|Bits per pixel Estimated:2, Used:2
Trace|Writing image header...
Trace|Width: 67, Height: 11, RowLength: 17
Trace|BPP: 2, PaletteColors: 3, Transaparency: 0
Trace|Writing palette...
Trace|Writing image...
Trace|Resource 44 offset is 22215...
Debug|Encoding resource 44...
Trace|Writing image in Palette mode
Trace|Extracting palette...
Trace|Palette item 0: R 00, G 00, B 00
Trace|Palette item 1: R CC, G 99, B 33
Trace|Palette item 2: R 4F, G 3C, B 13
Trace|Bits per pixel Estimated:2, Used:2
Trace|Writing image header...
Trace|Width: 67, Height: 11, RowLength: 17
Trace|BPP: 2, PaletteColors: 3, Transaparency: 0
Trace|Writing palette...
Trace|Writing image...
Trace|Resource 45 offset is 22430...
Debug|Encoding resource 45...
Trace|Writing image in Palette mode
Trace|Extracting palette...
Trace|Palette item 0: R CC, G 99, B 33
Trace|Palette item 1: R 00, G 00, B 00
Trace|Palette item 2: R 4F, G 3C, B 13
Trace|Bits per pixel Estimated:2, Used:2
Trace|Writing image header...
Trace|Width: 67, Height: 11, RowLength: 17
Trace|BPP: 2, PaletteColors: 3, Transaparency: 0
Trace|Writing palette...
Trace|Writing image...
Trace|Resource 46 offset is 22645...
Debug|Encoding resource 46...
Trace|Writing image in Palette mode
Trace|Extracting palette...
Trace|Palette item 0: R 00, G 00, B 00
Trace|Palette item 1: R CC, G 99, B 33
Trace|Palette item 2: R 4F, G 3C, B 13
Trace|Bits per pixel Estimated:2, Used:2
Trace|Writing image header...
Trace|Width: 67, Height: 11, RowLength: 17
Trace|BPP: 2, PaletteColors: 3, Transaparency: 0
Trace|Writing palette...
Trace|Writing image...
Trace|Resource 47 offset is 22860...
Debug|Encoding resource 47...
Trace|Writing image in Palette mode
Trace|Extracting palette...
Trace|Palette item 0: R 00, G 00, B 00
Trace|Palette item 1: R CC, G 99, B 33
Trace|Palette item 2: R 4F, G 3C, B 13
Trace|Bits per pixel Estimated:2, Used:2
Trace|Writing image header...
Trace|Width: 67, Height: 11, RowLength: 17
Trace|BPP: 2, PaletteColors: 3, Transaparency: 0
Trace|Writing palette...
Trace|Writing image...
Trace|Resource 48 offset is 23075...
Debug|Encoding resource 48...
Trace|Writing image in Palette mode
Trace|Extracting palette...
Trace|Palette item 0: R 00, G 00, B 00
Trace|Palette item 1: R CC, G 99, B 33
Trace|Palette item 2: R 4F, G 3C, B 13
Trace|Bits per pixel Estimated:2, Used:2
Trace|Writing image header...
Trace|Width: 67, Height: 11, RowLength: 17
Trace|BPP: 2, PaletteColors: 3, Transaparency: 0
Trace|Writing palette...
Trace|Writing image...
Trace|Resource 49 offset is 23290...
Debug|Encoding resource 49...
Trace|Writing image in Palette mode
Trace|Extracting palette...
Trace|Palette item 0: R 00, G 00, B 00
Trace|Palette item 1: R CC, G 99, B 33
Trace|Palette item 2: R 4F, G 3C, B 13
Trace|Bits per pixel Estimated:2, Used:2
Trace|Writing image header...
Trace|Width: 67, Height: 11, RowLength: 17
Trace|BPP: 2, PaletteColors: 3, Transaparency: 0
Trace|Writing palette...
Trace|Writing image...
Trace|Resource 50 offset is 23505...
Debug|Encoding resource 50...
Trace|Writing image in Palette mode
Trace|Extracting palette...
Trace|Palette item 0: R 00, G 00, B 00
Trace|Palette item 1: R CC, G 99, B 33
Trace|Palette item 2: R 4F, G 3C, B 13
Trace|Bits per pixel Estimated:2, Used:2
Trace|Writing image header...
Trace|Width: 67, Height: 11, RowLength: 17
Trace|BPP: 2, PaletteColors: 3, Transaparency: 0
Trace|Writing palette...
Trace|Writing image...
Trace|Resource 51 offset is 23720...
Debug|Encoding resource 51...
Trace|Writing image in Palette mode
Trace|Extracting palette...
Trace|Palette item 0: R 00, G 00, B 00
Trace|Palette item 1: R CC, G 99, B 33
Trace|Palette item 2: R 4F, G 3C, B 13
Trace|Bits per pixel Estimated:2, Used:2
Trace|Writing image header...
Trace|Width: 67, Height: 11, RowLength: 17
Trace|BPP: 2, PaletteColors: 3, Transaparency: 0
Trace|Writing palette...
Trace|Writing image...
Trace|Resource 52 offset is 23935...
Debug|Encoding resource 52...
Trace|Writing image in Palette mode
Trace|Extracting palette...
Trace|Palette item 0: R 00, G 00, B 00
Trace|Palette item 1: R 02, G 02, B 01
Trace|Palette item 2: R 03, G 03, B 02
Trace|Palette item 3: R 99, G 99, B 66
Trace|Bits per pixel Estimated:2, Used:2
Trace|Writing image header...
Trace|Width: 4, Height: 12, RowLength: 1
Trace|BPP: 2, PaletteColors: 4, Transaparency: 0
Trace|Writing palette...
Trace|Writing image...
Trace|Resource 53 offset is 23979...
Debug|Encoding resource 53...
Trace|Writing image in Palette mode
Trace|Extracting palette...
Trace|Palette item 0: R 00, G 00, B 00
Trace|Palette item 1: R 02, G 02, B 01
Trace|Palette item 2: R 03, G 03, B 02
Trace|Palette item 3: R 99, G 99, B 66
Trace|Bits per pixel Estimated:2, Used:2
Trace|Writing image header...
Trace|Width: 4, Height: 12, RowLength: 1
Trace|BPP: 2, PaletteColors: 4, Transaparency: 0
Trace|Writing palette...
Trace|Writing image...
Trace|Resource 54 offset is 24023...
Debug|Encoding resource 54...
Trace|Writing image in Palette mode
Trace|Extracting palette...
Trace|Palette item 0: R 00, G 00, B 00
Trace|Palette item 1: R 02, G 02, B 01
Trace|Palette item 2: R 03, G 03, B 02
Trace|Palette item 3: R 99, G 99, B 66
Trace|Bits per pixel Estimated:2, Used:2
Trace|Writing image header...
Trace|Width: 4, Height: 12, RowLength: 1
Trace|BPP: 2, PaletteColors: 4, Transaparency: 0
Trace|Writing palette...
Trace|Writing image...
Trace|Resource 55 offset is 24067...
Debug|Encoding resource 55...
Trace|Writing image in Palette mode
Trace|Extracting palette...
Trace|Palette item 0: R 00, G 00, B 00
Trace|Palette item 1: R 02, G 02, B 01
Trace|Palette item 2: R 03, G 03, B 02
Trace|Palette item 3: R 99, G 99, B 66
Trace|Bits per pixel Estimated:2, Used:2
Trace|Writing image header...
Trace|Width: 4, Height: 12, RowLength: 1
Trace|BPP: 2, PaletteColors: 4, Transaparency: 0
Trace|Writing palette...
Trace|Writing image...
Trace|Resource 56 offset is 24111...
Debug|Encoding resource 56...
Trace|Writing image in Palette mode
Trace|Extracting palette...
Trace|Palette item 0: R 00, G 00, B 00
Trace|Palette item 1: R 02, G 02, B 01
Trace|Palette item 2: R 03, G 03, B 02
Trace|Palette item 3: R 99, G 99, B 66
Trace|Bits per pixel Estimated:2, Used:2
Trace|Writing image header...
Trace|Width: 4, Height: 12, RowLength: 1
Trace|BPP: 2, PaletteColors: 4, Transaparency: 0
Trace|Writing palette...
Trace|Writing image...
Trace|Resource 57 offset is 24155...
Debug|Encoding resource 57...
Trace|Writing image in Palette mode
Trace|Extracting palette...
Trace|Palette item 0: R 00, G 00, B 00
Trace|Palette item 1: R 02, G 02, B 01
Trace|Palette item 2: R 03, G 03, B 02
Trace|Palette item 3: R 99, G 99, B 66
Trace|Bits per pixel Estimated:2, Used:2
Trace|Writing image header...
Trace|Width: 4, Height: 12, RowLength: 1
Trace|BPP: 2, PaletteColors: 4, Transaparency: 0
Trace|Writing palette...
Trace|Writing image...
Trace|Resource 58 offset is 24199...
Debug|Encoding resource 58...
Trace|Writing image in Palette mode
Trace|Extracting palette...
Trace|Palette item 0: R 00, G 00, B 00
Trace|Palette item 1: R 02, G 02, B 01
Trace|Palette item 2: R 03, G 03, B 02
Trace|Palette item 3: R 99, G 99, B 66
Trace|Bits per pixel Estimated:2, Used:2
Trace|Writing image header...
Trace|Width: 4, Height: 12, RowLength: 1
Trace|BPP: 2, PaletteColors: 4, Transaparency: 0
Trace|Writing palette...
Trace|Writing image...
Trace|Resource 59 offset is 24243...
Debug|Encoding resource 59...
Trace|Writing image in Palette mode
Trace|Extracting palette...
Trace|Palette item 0: R 00, G 00, B 00
Trace|Palette item 1: R 02, G 02, B 01
Trace|Palette item 2: R 03, G 03, B 02
Trace|Palette item 3: R 99, G 99, B 66
Trace|Bits per pixel Estimated:2, Used:2
Trace|Writing image header...
Trace|Width: 4, Height: 12, RowLength: 1
Trace|BPP: 2, PaletteColors: 4, Transaparency: 0
Trace|Writing palette...
Trace|Writing image...
Trace|Resource 60 offset is 24287...
Debug|Encoding resource 60...
Trace|Writing image in Palette mode
Trace|Extracting palette...
Trace|Palette item 0: R 00, G 00, B 00
Trace|Palette item 1: R 02, G 02, B 01
Trace|Palette item 2: R 03, G 03, B 02
Trace|Palette item 3: R 99, G 99, B 66
Trace|Bits per pixel Estimated:2, Used:2
Trace|Writing image header...
Trace|Width: 4, Height: 12, RowLength: 1
Trace|BPP: 2, PaletteColors: 4, Transaparency: 0
Trace|Writing palette...
Trace|Writing image...
Trace|Resource 61 offset is 24331...
Debug|Encoding resource 61...
Trace|Writing image in Palette mode
Trace|Extracting palette...
Trace|Palette item 0: R 00, G 00, B 00
Trace|Palette item 1: R 02, G 02, B 01
Trace|Palette item 2: R 03, G 03, B 02
Trace|Palette item 3: R 99, G 99, B 66
Trace|Bits per pixel Estimated:2, Used:2
Trace|Writing image header...
Trace|Width: 4, Height: 12, RowLength: 1
Trace|BPP: 2, PaletteColors: 4, Transaparency: 0
Trace|Writing palette...
Trace|Writing image...
Trace|Resource 62 offset is 24375...
Debug|Encoding resource 62...
Trace|Writing image in Palette mode
Trace|Extracting palette...
Trace|Palette item 0: R 00, G 00, B 00
Trace|Palette item 1: R 02, G 02, B 01
Trace|Palette item 2: R 03, G 03, B 02
Trace|Palette item 3: R 99, G 99, B 66
Trace|Bits per pixel Estimated:2, Used:2
Trace|Writing image header...
Trace|Width: 4, Height: 12, RowLength: 1
Trace|BPP: 2, PaletteColors: 4, Transaparency: 0
Trace|Writing palette...
Trace|Writing image...
Trace|Resource 63 offset is 24419...
Debug|Encoding resource 63...
Trace|Writing image in Palette mode
Trace|Extracting palette...
Trace|Palette item 0: R 00, G 00, B 00
Trace|Palette item 1: R 02, G 02, B 01
Trace|Palette item 2: R 03, G 03, B 02
Trace|Palette item 3: R 99, G 99, B 66
Trace|Bits per pixel Estimated:2, Used:2
Trace|Writing image header...
Trace|Width: 4, Height: 12, RowLength: 1
Trace|BPP: 2, PaletteColors: 4, Transaparency: 0
Trace|Writing palette...
Trace|Writing image...
Trace|Resource 64 offset is 24463...
Debug|Encoding resource 64...
Trace|Writing image in Palette mode
Trace|Extracting palette...
Trace|Palette item 0: R 00, G 00, B 00
Trace|Palette item 1: R 02, G 02, B 01
Trace|Palette item 2: R 03, G 03, B 02
Trace|Palette item 3: R 99, G 99, B 66
Trace|Bits per pixel Estimated:2, Used:2
Trace|Writing image header...
Trace|Width: 4, Height: 12, RowLength: 1
Trace|BPP: 2, PaletteColors: 4, Transaparency: 0
Trace|Writing palette...
Trace|Writing image...
Trace|Resource 65 offset is 24507...
Debug|Encoding resource 65...
Trace|Writing image in Palette mode
Trace|Extracting palette...
Trace|Palette item 0: R 00, G 00, B 00
Trace|Palette item 1: R 02, G 02, B 01
Trace|Palette item 2: R 03, G 03, B 02
Trace|Palette item 3: R 99, G 99, B 66
Trace|Bits per pixel Estimated:2, Used:2
Trace|Writing image header...
Trace|Width: 4, Height: 12, RowLength: 1
Trace|BPP: 2, PaletteColors: 4, Transaparency: 0
Trace|Writing palette...
Trace|Writing image...
Trace|Resource 66 offset is 24551...
Debug|Encoding resource 66...
Trace|Writing image in Palette mode
Trace|Extracting palette...
Trace|Palette item 0: R 00, G 00, B 00
Trace|Palette item 1: R 02, G 02, B 01
Trace|Palette item 2: R 03, G 03, B 02
Trace|Palette item 3: R 99, G 99, B 66
Trace|Bits per pixel Estimated:2, Used:2
Trace|Writing image header...
Trace|Width: 4, Height: 12, RowLength: 1
Trace|BPP: 2, PaletteColors: 4, Transaparency: 0
Trace|Writing palette...
Trace|Writing image...
Trace|Resource 67 offset is 24595...
Debug|Encoding resource 67...
Trace|Writing image in Palette mode
Trace|Extracting palette...
Trace|Palette item 0: R 00, G 00, B 00
Trace|Palette item 1: R 02, G 02, B 01
Trace|Palette item 2: R 03, G 03, B 02
Trace|Palette item 3: R 99, G 99, B 66
Trace|Bits per pixel Estimated:2, Used:2
Trace|Writing image header...
Trace|Width: 4, Height: 12, RowLength: 1
Trace|BPP: 2, PaletteColors: 4, Transaparency: 0
Trace|Writing palette...
Trace|Writing image...
Trace|Resource 68 offset is 24639...
Debug|Encoding resource 68...
Trace|Writing image in Palette mode
Trace|Extracting palette...
Trace|Palette item 0: R 00, G 00, B 00
Trace|Palette item 1: R 02, G 02, B 01
Trace|Palette item 2: R 03, G 03, B 02
Trace|Palette item 3: R 99, G 99, B 66
Trace|Bits per pixel Estimated:2, Used:2
Trace|Writing image header...
Trace|Width: 4, Height: 12, RowLength: 1
Trace|BPP: 2, PaletteColors: 4, Transaparency: 0
Trace|Writing palette...
Trace|Writing image...
Trace|Resource 69 offset is 24683...
Debug|Encoding resource 69...
Trace|Writing image in Palette mode
Trace|Extracting palette...
Trace|Palette item 0: R 00, G 00, B 00
Trace|Palette item 1: R 02, G 02, B 01
Trace|Palette item 2: R 03, G 03, B 02
Trace|Palette item 3: R 99, G 99, B 66
Trace|Bits per pixel Estimated:2, Used:2
Trace|Writing image header...
Trace|Width: 4, Height: 12, RowLength: 1
Trace|BPP: 2, PaletteColors: 4, Transaparency: 0
Trace|Writing palette...
Trace|Writing image...
Trace|Resource 70 offset is 24727...
Debug|Encoding resource 70...
Trace|Writing image in Palette mode
Trace|Extracting palette...
Trace|Palette item 0: R 00, G 00, B 00
Trace|Palette item 1: R 02, G 02, B 01
Trace|Palette item 2: R 03, G 03, B 02
Trace|Palette item 3: R 99, G 99, B 66
Trace|Bits per pixel Estimated:2, Used:2
Trace|Writing image header...
Trace|Width: 4, Height: 12, RowLength: 1
Trace|BPP: 2, PaletteColors: 4, Transaparency: 0
Trace|Writing palette...
Trace|Writing image...
Trace|Resource 71 offset is 24771...
Debug|Encoding resource 71...
Trace|Writing image in Palette mode
Trace|Extracting palette...
Trace|Palette item 0: R 00, G 00, B 00
Trace|Palette item 1: R 02, G 02, B 01
Trace|Palette item 2: R 03, G 03, B 02
Trace|Palette item 3: R 99, G 99, B 66
Trace|Bits per pixel Estimated:2, Used:2
Trace|Writing image header...
Trace|Width: 4, Height: 12, RowLength: 1
Trace|BPP: 2, PaletteColors: 4, Transaparency: 0
Trace|Writing palette...
Trace|Writing image...
Trace|Resource 72 offset is 24815...
Debug|Encoding resource 72...
Trace|Writing image in Palette mode
Trace|Extracting palette...
Trace|Palette item 0: R 00, G 00, B 00
Trace|Palette item 1: R 02, G 02, B 01
Trace|Palette item 2: R 03, G 03, B 02
Trace|Palette item 3: R 99, G 99, B 66
Trace|Bits per pixel Estimated:2, Used:2
Trace|Writing image header...
Trace|Width: 4, Height: 12, RowLength: 1
Trace|BPP: 2, PaletteColors: 4, Transaparency: 0
Trace|Writing palette...
Trace|Writing image...
Trace|Resource 73 offset is 24859...
Debug|Encoding resource 73...
Trace|Writing image in Palette mode
Trace|Extracting palette...
Trace|Palette item 0: R 00, G 00, B 00
Trace|Palette item 1: R 02, G 02, B 01
Trace|Palette item 2: R 03, G 03, B 02
Trace|Palette item 3: R 99, G 99, B 66
Trace|Bits per pixel Estimated:2, Used:2
Trace|Writing image header...
Trace|Width: 4, Height: 12, RowLength: 1
Trace|BPP: 2, PaletteColors: 4, Transaparency: 0
Trace|Writing palette...
Trace|Writing image...
Trace|Resource 74 offset is 24903...
Debug|Encoding resource 74...
Trace|Writing image in Palette mode
Trace|Extracting palette...
Trace|Palette item 0: R 00, G 00, B 00
Trace|Palette item 1: R 02, G 02, B 01
Trace|Palette item 2: R 03, G 03, B 02
Trace|Palette item 3: R 99, G 99, B 66
Trace|Bits per pixel Estimated:2, Used:2
Trace|Writing image header...
Trace|Width: 4, Height: 12, RowLength: 1
Trace|BPP: 2, PaletteColors: 4, Transaparency: 0
Trace|Writing palette...
Trace|Writing image...
Trace|Resource 75 offset is 24947...
Debug|Encoding resource 75...
Trace|Writing image in Palette mode
Trace|Extracting palette...
Trace|Palette item 0: R 00, G 00, B 00
Trace|Palette item 1: R 02, G 02, B 01
Trace|Palette item 2: R 03, G 03, B 02
Trace|Palette item 3: R 99, G 99, B 66
Trace|Bits per pixel Estimated:2, Used:2
Trace|Writing image header...
Trace|Width: 4, Height: 12, RowLength: 1
Trace|BPP: 2, PaletteColors: 4, Transaparency: 0
Trace|Writing palette...
Trace|Writing image...
Trace|Resource 76 offset is 24991...
Debug|Encoding resource 76...
Trace|Writing image in Palette mode
Trace|Extracting palette...
Trace|Palette item 0: R 00, G 00, B 00
Trace|Palette item 1: R 02, G 02, B 01
Trace|Palette item 2: R 03, G 03, B 02
Trace|Palette item 3: R 99, G 99, B 66
Trace|Bits per pixel Estimated:2, Used:2
Trace|Writing image header...
Trace|Width: 4, Height: 12, RowLength: 1
Trace|BPP: 2, PaletteColors: 4, Transaparency: 0
Trace|Writing palette...
Trace|Writing image...
Trace|Resource 77 offset is 25035...
Debug|Encoding resource 77...
Trace|Writing image in Palette mode
Trace|Extracting palette...
Trace|Palette item 0: R 00, G 00, B 00
Trace|Palette item 1: R 02, G 02, B 01
Trace|Palette item 2: R 03, G 03, B 02
Trace|Palette item 3: R 99, G 99, B 66
Trace|Bits per pixel Estimated:2, Used:2
Trace|Writing image header...
Trace|Width: 4, Height: 12, RowLength: 1
Trace|BPP: 2, PaletteColors: 4, Transaparency: 0
Trace|Writing palette...
Trace|Writing image...
Trace|Resource 78 offset is 25079...
Debug|Encoding resource 78...
Trace|Writing image in Palette mode
Trace|Extracting palette...
Trace|Palette item 0: R 00, G 00, B 00
Trace|Palette item 1: R 02, G 02, B 01
Trace|Palette item 2: R 03, G 03, B 02
Trace|Palette item 3: R 99, G 99, B 66
Trace|Bits per pixel Estimated:2, Used:2
Trace|Writing image header...
Trace|Width: 4, Height: 12, RowLength: 1
Trace|BPP: 2, PaletteColors: 4, Transaparency: 0
Trace|Writing palette...
Trace|Writing image...
Trace|Resource 79 offset is 25123...
Debug|Encoding resource 79...
Trace|Writing image in Palette mode
Trace|Extracting palette...
Trace|Palette item 0: R 00, G 00, B 00
Trace|Palette item 1: R 02, G 02, B 01
Trace|Palette item 2: R 03, G 03, B 02
Trace|Palette item 3: R 99, G 99, B 66
Trace|Bits per pixel Estimated:2, Used:2
Trace|Writing image header...
Trace|Width: 4, Height: 12, RowLength: 1
Trace|BPP: 2, PaletteColors: 4, Transaparency: 0
Trace|Writing palette...
Trace|Writing image...
Trace|Resource 80 offset is 25167...
Debug|Encoding resource 80...
Trace|Writing image in Palette mode
Trace|Extracting palette...
Trace|Palette item 0: R 00, G 00, B 00
Trace|Palette item 1: R 02, G 02, B 01
Trace|Palette item 2: R 03, G 03, B 02
Trace|Palette item 3: R 99, G 99, B 66
Trace|Bits per pixel Estimated:2, Used:2
Trace|Writing image header...
Trace|Width: 4, Height: 12, RowLength: 1
Trace|BPP: 2, PaletteColors: 4, Transaparency: 0
Trace|Writing palette...
Trace|Writing image...
Trace|Resource 81 offset is 25211...
Debug|Encoding resource 81...
Trace|Writing image in Palette mode
Trace|Extracting palette...
Trace|Palette item 0: R 00, G 00, B 00
Trace|Palette item 1: R CC, G 60, B 19
Trace|Bits per pixel Estimated:1, Used:2
Trace|Writing image header...
Trace|Width: 4, Height: 12, RowLength: 1
Trace|BPP: 2, PaletteColors: 2, Transaparency: 0
Trace|Writing palette...
Trace|Writing image...
Trace|Resource 82 offset is 25247...
Debug|Encoding resource 82...
Trace|Writing image in Palette mode
Trace|Extracting palette...
Trace|Palette item 0: R CC, G 33, B 00
Trace|Palette item 1: R 00, G 00, B 00
Trace|Bits per pixel Estimated:1, Used:2
Trace|Writing image header...
Trace|Width: 118, Height: 11, RowLength: 30
Trace|BPP: 2, PaletteColors: 2, Transaparency: 0
Trace|Writing palette...
Trace|Writing image...
Trace|Resource 83 offset is 25601...
Debug|Encoding resource 83...
Trace|Writing image in Palette mode
Trace|Extracting palette...
Trace|Palette item 0: R 00, G 00, B 00
Trace|Palette item 1: R FF, G FF, B FF, Transaparent color
Trace|Bits per pixel Estimated:1, Used:2
Trace|Writing image header...
Trace|Width: 118, Height: 11, RowLength: 30
Trace|BPP: 2, PaletteColors: 2, Transaparency: 1
Trace|Writing palette...
Trace|Writing image...
Trace|Resource 84 offset is 25955...
Debug|Encoding resource 84...
Trace|Writing image in Palette mode
Trace|Extracting palette...
Trace|Palette item 0: R 00, G 00, B 00
Trace|Palette item 1: R FF, G FF, B FF, Transaparent color
Trace|Bits per pixel Estimated:1, Used:2
Trace|Writing image header...
Trace|Width: 118, Height: 11, RowLength: 30
Trace|BPP: 2, PaletteColors: 2, Transaparency: 1
Trace|Writing palette...
Trace|Writing image...
Trace|Resource 85 offset is 26309...
Debug|Encoding resource 85...
Trace|Writing image in Palette mode
Trace|Extracting palette...
Trace|Palette item 0: R 00, G 00, B 00
Trace|Palette item 1: R FF, G FF, B FF, Transaparent color
Trace|Bits per pixel Estimated:1, Used:2
Trace|Writing image header...
Trace|Width: 118, Height: 11, RowLength: 30
Trace|BPP: 2, PaletteColors: 2, Transaparency: 1
Trace|Writing palette...
Trace|Writing image...
Trace|Resource 86 offset is 26663...
Debug|Encoding resource 86...
Trace|Writing image in Palette mode
Trace|Extracting palette...
Trace|Palette item 0: R 00, G 00, B 00
Trace|Palette item 1: R FF, G FF, B FF, Transaparent color
Trace|Bits per pixel Estimated:1, Used:2
Trace|Writing image header...
Trace|Width: 118, Height: 11, RowLength: 30
Trace|BPP: 2, PaletteColors: 2, Transaparency: 1
Trace|Writing palette...
Trace|Writing image...
Trace|Resource 87 offset is 27017...
Debug|Encoding resource 87...
Trace|Writing image in Palette mode
Trace|Extracting palette...
Trace|Palette item 0: R 00, G 00, B 00
Trace|Palette item 1: R FF, G FF, B FF, Transaparent color
Trace|Bits per pixel Estimated:1, Used:2
Trace|Writing image header...
Trace|Width: 118, Height: 11, RowLength: 30
Trace|BPP: 2, PaletteColors: 2, Transaparency: 1
Trace|Writing palette...
Trace|Writing image...
Trace|Resource 88 offset is 27371...
Debug|Encoding resource 88...
Trace|Writing image in Palette mode
Trace|Extracting palette...
Trace|Palette item 0: R 00, G 00, B 00
Trace|Palette item 1: R FF, G FF, B FF, Transaparent color
Trace|Bits per pixel Estimated:1, Used:2
Trace|Writing image header...
Trace|Width: 118, Height: 11, RowLength: 30
Trace|BPP: 2, PaletteColors: 2, Transaparency: 1
Trace|Writing palette...
Trace|Writing image...
Trace|Resource 89 offset is 27725...
Debug|Encoding resource 89...
Trace|Writing image in Palette mode
Trace|Extracting palette...
Trace|Palette item 0: R 00, G 00, B 00
Trace|Palette item 1: R FF, G FF, B FF, Transaparent color
Trace|Bits per pixel Estimated:1, Used:2
Trace|Writing image header...
Trace|Width: 118, Height: 11, RowLength: 30
Trace|BPP: 2, PaletteColors: 2, Transaparency: 1
Trace|Writing palette...
Trace|Writing image...
Trace|Resource 90 offset is 28079...
Debug|Encoding resource 90...
Trace|Writing image in Palette mode
Trace|Extracting palette...
Trace|Palette item 0: R 00, G 00, B 00
Trace|Palette item 1: R 00, G 00, B 00
Trace|Palette item 2: R 00, G 00, B 00
Trace|Bits per pixel Estimated:2, Used:2
Trace|Writing image header...
Trace|Width: 11, Height: 12, RowLength: 3
Trace|BPP: 2, PaletteColors: 3, Transaparency: 0
Trace|Writing palette...
Trace|Writing image...
Trace|Resource 91 offset is 28143...
Debug|Encoding resource 91...
Trace|Writing image in Palette mode
Trace|Extracting palette...
Trace|Palette item 0: R 00, G 00, B 00
Trace|Palette item 1: R FB, G FB, B 00
Trace|Palette item 2: R FF, G FF, B 00
Trace|Palette item 3: R FC, G FC, B 00
Trace|Palette item 4: R EA, G EA, B 00
Trace|Palette item 5: R 03, G 03, B 00
Trace|Bits per pixel Estimated:3, Used:4
Trace|Writing image header...
Trace|Width: 12, Height: 11, RowLength: 6
Trace|BPP: 4, PaletteColors: 6, Transaparency: 0
Trace|Writing palette...
Trace|Writing image...
Trace|Resource 92 offset is 28249...
Debug|Encoding resource 92...
Trace|Writing image in Palette mode
Trace|Extracting palette...
Trace|Palette item 0: R 00, G CC, B FF
Trace|Palette item 1: R FF, G FF, B FF, Transaparent color
Trace|Bits per pixel Estimated:1, Used:2
Trace|Writing image header...
Trace|Width: 12, Height: 11, RowLength: 3
Trace|BPP: 2, PaletteColors: 2, Transaparency: 1
Trace|Writing palette...
Trace|Writing image...
Trace|Resource 93 offset is 28306...
Debug|Encoding resource 93...
Trace|Writing image in Palette mode
Trace|Extracting palette...
Trace|Palette item 0: R 00, G 00, B 00
Trace|Palette item 1: R 99, G 99, B 33
Trace|Bits per pixel Estimated:1, Used:2
Trace|Writing image header...
Trace|Width: 7, Height: 27, RowLength: 2
Trace|BPP: 2, PaletteColors: 2, Transaparency: 0
Trace|Writing palette...
Trace|Writing image...
Trace|Resource 94 offset is 28384...
Debug|Encoding resource 94...
Trace|Writing image in Palette mode
Trace|Extracting palette...
Trace|Palette item 0: R 00, G 00, B 00
Trace|Palette item 1: R 99, G 99, B 33
Trace|Bits per pixel Estimated:1, Used:2
Trace|Writing image header...
Trace|Width: 13, Height: 27, RowLength: 4
Trace|BPP: 2, PaletteColors: 2, Transaparency: 0
Trace|Writing palette...
Trace|Writing image...
Trace|Writing resources offsets table
Debug|Writing resources
